<?xml version="1.0" encoding="UTF-8"?>
<testng-results ignored="0" total="1" passed="1" failed="0" skipped="0">
  <reporter-output>
  </reporter-output>
  <suite started-at="2021-04-16T21:22:58 PKT" name="Surefire suite" finished-at="2021-04-16T21:23:05 PKT" duration-ms="6380">
    <groups>
    </groups>
    <test started-at="2021-04-16T21:22:58 PKT" name="Surefire test" finished-at="2021-04-16T21:23:05 PKT" duration-ms="6380">
      <class name="com.qa.tests.DemoTest">
        <test-method signature="LaunchBrowser()[pri:0, instance:com.qa.tests.DemoTest@515aebb0]" started-at="2021-04-16T21:22:58 PKT" name="LaunchBrowser" finished-at="2021-04-16T21:23:05 PKT" duration-ms="6357" status="PASS">
          <reporter-output>
          </reporter-output>
        </test-method> <!-- LaunchBrowser -->
      </class> <!-- com.qa.tests.DemoTest -->
    </test> <!-- Surefire test -->
  </suite> <!-- Surefire suite -->
</testng-results>
