<?xml version="1.0" encoding="UTF-8"?>
<testng-results ignored="0" total="1" passed="1" failed="0" skipped="0">
  <reporter-output>
  </reporter-output>
  <suite started-at="2021-04-16T21:17:25 PKT" name="Default suite" finished-at="2021-04-16T21:17:38 PKT" duration-ms="12901">
    <groups>
    </groups>
    <test started-at="2021-04-16T21:17:25 PKT" name="Default test" finished-at="2021-04-16T21:17:38 PKT" duration-ms="12901">
      <class name="com.qa.tests.DemoTest">
        <test-method signature="LaunchBrowser()[pri:0, instance:com.qa.tests.DemoTest@2b4bac49]" started-at="2021-04-16T21:17:25 PKT" name="LaunchBrowser" finished-at="2021-04-16T21:17:38 PKT" duration-ms="12879" status="PASS">
          <reporter-output>
          </reporter-output>
        </test-method> <!-- LaunchBrowser -->
      </class> <!-- com.qa.tests.DemoTest -->
    </test> <!-- Default test -->
  </suite> <!-- Default suite -->
</testng-results>
